Performing C SOURCE FILE Test CMAKE_HAVE_LIBC_PTHREAD failed with the following output:
Change Dir: /home/greengolddog/my_code/opengl_project/build/CMakeFiles/CMakeTmp

Run Build Command(s):/usr/bin/make cmTC_9a3ad/fast && /usr/bin/make  -f CMakeFiles/cmTC_9a3ad.dir/build.make CMakeFiles/cmTC_9a3ad.dir/build
make[1]: вход в каталог «/home/greengolddog/my_code/opengl_project/build/CMakeFiles/CMakeTmp»
Building C object CMakeFiles/cmTC_9a3ad.dir/src.c.o
/usr/bin/cc -DCMAKE_HAVE_LIBC_PTHREAD   -o CMakeFiles/cmTC_9a3ad.dir/src.c.o -c /home/greengolddog/my_code/opengl_project/build/CMakeFiles/CMakeTmp/src.c
Linking C executable cmTC_9a3ad
/usr/bin/cmake -E cmake_link_script CMakeFiles/cmTC_9a3ad.dir/link.txt --verbose=1
/usr/bin/cc -rdynamic CMakeFiles/cmTC_9a3ad.dir/src.c.o -o cmTC_9a3ad 
/usr/bin/ld: CMakeFiles/cmTC_9a3ad.dir/src.c.o: в функции «main»:
src.c:(.text+0x3e): неопределённая ссылка на «pthread_create»
/usr/bin/ld: src.c:(.text+0x4a): неопределённая ссылка на «pthread_detach»
/usr/bin/ld: src.c:(.text+0x56): неопределённая ссылка на «pthread_cancel»
/usr/bin/ld: src.c:(.text+0x67): неопределённая ссылка на «pthread_join»
collect2: ошибка: выполнение ld завершилось с кодом возврата 1
make[1]: *** [CMakeFiles/cmTC_9a3ad.dir/build.make:106: cmTC_9a3ad] Ошибка 1
make[1]: выход из каталога «/home/greengolddog/my_code/opengl_project/build/CMakeFiles/CMakeTmp»
make: *** [Makefile:140: cmTC_9a3ad/fast] Ошибка 2


Source file was:
#include <pthread.h>

static void* test_func(void* data)
{
  return data;
}

int main(void)
{
  pthread_t thread;
  pthread_create(&thread, NULL, test_func, NULL);
  pthread_detach(thread);
  pthread_cancel(thread);
  pthread_join(thread, NULL);
  pthread_atfork(NULL, NULL, NULL);
  pthread_exit(NULL);

  return 0;
}

Determining if the function pthread_create exists in the pthreads failed with the following output:
Change Dir: /home/greengolddog/my_code/opengl_project/build/CMakeFiles/CMakeTmp

Run Build Command(s):/usr/bin/make cmTC_6165e/fast && /usr/bin/make  -f CMakeFiles/cmTC_6165e.dir/build.make CMakeFiles/cmTC_6165e.dir/build
make[1]: вход в каталог «/home/greengolddog/my_code/opengl_project/build/CMakeFiles/CMakeTmp»
Building C object CMakeFiles/cmTC_6165e.dir/CheckFunctionExists.c.o
/usr/bin/cc   -DCHECK_FUNCTION_EXISTS=pthread_create -o CMakeFiles/cmTC_6165e.dir/CheckFunctionExists.c.o -c /usr/share/cmake-3.19/Modules/CheckFunctionExists.c
Linking C executable cmTC_6165e
/usr/bin/cmake -E cmake_link_script CMakeFiles/cmTC_6165e.dir/link.txt --verbose=1
/usr/bin/cc  -DCHECK_FUNCTION_EXISTS=pthread_create -rdynamic CMakeFiles/cmTC_6165e.dir/CheckFunctionExists.c.o -o cmTC_6165e  -lpthreads 
/usr/bin/ld: невозможно найти -lpthreads
collect2: ошибка: выполнение ld завершилось с кодом возврата 1
make[1]: *** [CMakeFiles/cmTC_6165e.dir/build.make:106: cmTC_6165e] Ошибка 1
make[1]: выход из каталога «/home/greengolddog/my_code/opengl_project/build/CMakeFiles/CMakeTmp»
make: *** [Makefile:140: cmTC_6165e/fast] Ошибка 2



